2020-03-21 09:51:50.706 [main] INFO  org.springframework.boot.StartupInfoLogger.logStarting(StartupInfoLogger.java:55) - Starting PlodesApplication on DESKTOP-9B1Q9MI with PID 1788 (E:\plodes\target\classes started by wx18 in E:\plodes)
2020-03-21 09:51:50.782 [main] INFO  org.springframework.boot.SpringApplication.logStartupProfileInfo(SpringApplication.java:651) - No active profile set, falling back to default profiles: default
2020-03-21 09:51:54.304 [main] INFO  org.springframework.data.repository.config.RepositoryConfigurationDelegate.multipleStoresDetected(RepositoryConfigurationDelegate.java:249) - Multiple Spring Data modules found, entering strict repository configuration mode!
2020-03-21 09:51:54.314 [main] INFO  org.springframework.data.repository.config.RepositoryConfigurationDelegate.registerRepositoriesIn(RepositoryConfigurationDelegate.java:127) - Bootstrapping Spring Data Redis repositories in DEFAULT mode.
2020-03-21 09:51:54.410 [main] INFO  org.springframework.data.repository.config.RepositoryConfigurationDelegate.registerRepositoriesIn(RepositoryConfigurationDelegate.java:187) - Finished Spring Data repository scanning in 33ms. Found 0 Redis repository interfaces.
2020-03-21 09:51:54.993 [main] WARN  org.mybatis.logging.Logger.warn(Logger.java:44) - No MyBatis mapper was found in '[com.xlcxx]' package. Please check your configuration.
2020-03-21 09:51:55.629 [main] INFO  org.springframework.context.support.PostProcessorRegistrationDelegate$BeanPostProcessorChecker.postProcessAfterInitialization(PostProcessorRegistrationDelegate.java:330) - Bean 'org.springframework.security.config.annotation.configuration.ObjectPostProcessorConfiguration' of type [org.springframework.security.config.annotation.configuration.ObjectPostProcessorConfiguration] is not eligible for getting processed by all BeanPostProcessors (for example: not eligible for auto-proxying)
2020-03-21 09:51:55.637 [main] INFO  org.springframework.context.support.PostProcessorRegistrationDelegate$BeanPostProcessorChecker.postProcessAfterInitialization(PostProcessorRegistrationDelegate.java:330) - Bean 'redisConfig' of type [com.xlcxx.config.redis.RedisConfig$$EnhancerBySpringCGLIB$$267debae] is not eligible for getting processed by all BeanPostProcessors (for example: not eligible for auto-proxying)
2020-03-21 09:51:55.760 [main] INFO  org.springframework.context.support.PostProcessorRegistrationDelegate$BeanPostProcessorChecker.postProcessAfterInitialization(PostProcessorRegistrationDelegate.java:330) - Bean 'objectPostProcessor' of type [org.springframework.security.config.annotation.configuration.AutowireBeanFactoryObjectPostProcessor] is not eligible for getting processed by all BeanPostProcessors (for example: not eligible for auto-proxying)
2020-03-21 09:51:55.771 [main] INFO  org.springframework.context.support.PostProcessorRegistrationDelegate$BeanPostProcessorChecker.postProcessAfterInitialization(PostProcessorRegistrationDelegate.java:330) - Bean 'org.springframework.security.access.expression.method.DefaultMethodSecurityExpressionHandler@319c3a25' of type [org.springframework.security.access.expression.method.DefaultMethodSecurityExpressionHandler] is not eligible for getting processed by all BeanPostProcessors (for example: not eligible for auto-proxying)
2020-03-21 09:51:55.773 [main] INFO  org.springframework.context.support.PostProcessorRegistrationDelegate$BeanPostProcessorChecker.postProcessAfterInitialization(PostProcessorRegistrationDelegate.java:330) - Bean 'org.springframework.security.config.annotation.method.configuration.GlobalMethodSecurityConfiguration' of type [org.springframework.security.config.annotation.method.configuration.GlobalMethodSecurityConfiguration] is not eligible for getting processed by all BeanPostProcessors (for example: not eligible for auto-proxying)
2020-03-21 09:51:55.777 [main] INFO  org.springframework.context.support.PostProcessorRegistrationDelegate$BeanPostProcessorChecker.postProcessAfterInitialization(PostProcessorRegistrationDelegate.java:330) - Bean 'methodSecurityMetadataSource' of type [org.springframework.security.access.method.DelegatingMethodSecurityMetadataSource] is not eligible for getting processed by all BeanPostProcessors (for example: not eligible for auto-proxying)
2020-03-21 09:51:56.552 [main] INFO  org.springframework.boot.web.embedded.tomcat.TomcatWebServer.initialize(TomcatWebServer.java:92) - Tomcat initialized with port(s): 8088 (http)
2020-03-21 09:51:56.591 [main] INFO  org.apache.juli.logging.DirectJDKLog.log(DirectJDKLog.java:173) - Initializing ProtocolHandler ["http-nio-8088"]
2020-03-21 09:51:56.592 [main] INFO  org.apache.juli.logging.DirectJDKLog.log(DirectJDKLog.java:173) - Starting service [Tomcat]
2020-03-21 09:51:56.592 [main] INFO  org.apache.juli.logging.DirectJDKLog.log(DirectJDKLog.java:173) - Starting Servlet engine: [Apache Tomcat/9.0.31]
2020-03-21 09:51:56.794 [main] INFO  org.apache.juli.logging.DirectJDKLog.log(DirectJDKLog.java:173) - Initializing Spring embedded WebApplicationContext
2020-03-21 09:51:56.794 [main] INFO  org.springframework.boot.web.servlet.context.ServletWebServerApplicationContext.prepareWebApplicationContext(ServletWebServerApplicationContext.java:284) - Root WebApplicationContext: initialization completed in 5798 ms
2020-03-21 09:51:57.849 [main] INFO  org.quartz.impl.StdSchedulerFactory.instantiate(StdSchedulerFactory.java:1220) - Using default implementation for ThreadExecutor
2020-03-21 09:51:57.860 [main] INFO  org.quartz.core.SchedulerSignalerImpl.<init>(SchedulerSignalerImpl.java:61) - Initialized Scheduler Signaller of type: class org.quartz.core.SchedulerSignalerImpl
2020-03-21 09:51:57.860 [main] INFO  org.quartz.core.QuartzScheduler.<init>(QuartzScheduler.java:229) - Quartz Scheduler v.2.3.2 created.
2020-03-21 09:51:58.420 [main] INFO  com.alibaba.druid.pool.DruidDataSource.init(DruidDataSource.java:1003) - {dataSource-1} inited
2020-03-21 09:51:58.425 [main] INFO  org.quartz.impl.jdbcjobstore.JobStoreSupport.initialize(JobStoreSupport.java:672) - Using db table-based data access locking (synchronization).
2020-03-21 09:51:58.431 [main] INFO  org.quartz.impl.jdbcjobstore.JobStoreCMT.initialize(JobStoreCMT.java:145) - JobStoreCMT initialized.
2020-03-21 09:51:58.433 [main] INFO  org.quartz.core.QuartzScheduler.initialize(QuartzScheduler.java:294) - Scheduler meta-data: Quartz Scheduler (v2.3.2) 'xlcxxScheduler' with instanceId 'DESKTOP-9B1Q9MI1584755517850'
  Scheduler class: 'org.quartz.core.QuartzScheduler' - running locally.
  NOT STARTED.
  Currently in standby mode.
  Number of jobs executed: 0
  Using thread pool 'org.quartz.simpl.SimpleThreadPool' - with 20 threads.
  Using job-store 'org.springframework.scheduling.quartz.LocalDataSourceJobStore' - which supports persistence. and is clustered.

2020-03-21 09:51:58.434 [main] INFO  org.quartz.impl.StdSchedulerFactory.instantiate(StdSchedulerFactory.java:1374) - Quartz scheduler 'xlcxxScheduler' initialized from an externally provided properties instance.
2020-03-21 09:51:58.434 [main] INFO  org.quartz.impl.StdSchedulerFactory.instantiate(StdSchedulerFactory.java:1378) - Quartz scheduler version: 2.3.2
2020-03-21 09:51:58.437 [main] INFO  org.quartz.core.QuartzScheduler.setJobFactory(QuartzScheduler.java:2293) - JobFactory set to: org.springframework.scheduling.quartz.AdaptableJobFactory@781711b7
2020-03-21 09:51:59.751 [main] INFO  org.springframework.scheduling.concurrent.ExecutorConfigurationSupport.initialize(ExecutorConfigurationSupport.java:181) - Initializing ExecutorService 'applicationTaskExecutor'
2020-03-21 09:52:00.041 [main] INFO  tk.mybatis.mapper.autoconfigure.MapperCacheDisabler.removeStaticCache(MapperCacheDisabler.java:60) - Clear tk.mybatis.mapper.util.MsUtil CLASS_CACHE cache.
2020-03-21 09:52:00.041 [main] INFO  tk.mybatis.mapper.autoconfigure.MapperCacheDisabler.removeStaticCache(MapperCacheDisabler.java:60) - Clear tk.mybatis.mapper.genid.GenIdUtil CACHE cache.
2020-03-21 09:52:00.042 [main] INFO  tk.mybatis.mapper.autoconfigure.MapperCacheDisabler.removeStaticCache(MapperCacheDisabler.java:60) - Clear tk.mybatis.mapper.version.VersionUtil CACHE cache.
2020-03-21 09:52:00.042 [main] INFO  tk.mybatis.mapper.autoconfigure.MapperCacheDisabler.removeEntityHelperCache(MapperCacheDisabler.java:83) - Clear EntityHelper entityTableMap cache.
2020-03-21 09:52:00.914 [main] INFO  org.springframework.security.web.DefaultSecurityFilterChain.<init>(DefaultSecurityFilterChain.java:43) - Creating filter chain: any request, [org.springframework.security.web.context.request.async.WebAsyncManagerIntegrationFilter@71789580, org.springframework.security.web.context.SecurityContextPersistenceFilter@2616b618, org.springframework.security.web.header.HeaderWriterFilter@49491770, org.springframework.security.web.authentication.logout.LogoutFilter@4cc8d70d, com.xlcxx.config.auth.imageCode.img.ImageCodeFilter@23ee2ccf, org.springframework.security.web.authentication.UsernamePasswordAuthenticationFilter@625487a6, org.springframework.security.web.session.ConcurrentSessionFilter@42d9e8d2, org.springframework.security.web.savedrequest.RequestCacheAwareFilter@7ac058a0, org.springframework.security.web.servletapi.SecurityContextHolderAwareRequestFilter@cf01c2e, org.springframework.security.web.authentication.rememberme.RememberMeAuthenticationFilter@2c47a053, org.springframework.security.web.authentication.AnonymousAuthenticationFilter@165614f5, org.springframework.security.web.session.SessionManagementFilter@3b57dba4, org.springframework.security.web.access.ExceptionTranslationFilter@6b2aafbc, org.springframework.security.web.access.intercept.FilterSecurityInterceptor@433ef204]
2020-03-21 09:52:00.975 [main] INFO  org.springframework.scheduling.quartz.SchedulerFactoryBean.startScheduler(SchedulerFactoryBean.java:732) - Will start Quartz Scheduler [xlcxxScheduler] in 1 seconds
2020-03-21 09:52:00.993 [main] INFO  org.apache.juli.logging.DirectJDKLog.log(DirectJDKLog.java:173) - Starting ProtocolHandler ["http-nio-8088"]
2020-03-21 09:52:01.044 [main] INFO  org.springframework.boot.web.embedded.tomcat.TomcatWebServer.start(TomcatWebServer.java:204) - Tomcat started on port(s): 8088 (http) with context path '/plodes'
2020-03-21 09:52:01.057 [main] INFO  org.springframework.boot.StartupInfoLogger.logStarted(StartupInfoLogger.java:61) - Started PlodesApplication in 12.564 seconds (JVM running for 16.978)
2020-03-21 09:52:01.979 [Quartz Scheduler [xlcxxScheduler]] INFO  org.springframework.scheduling.quartz.SchedulerFactoryBean$1.run(SchedulerFactoryBean.java:748) - Starting Quartz Scheduler now, after delay of 1 seconds
2020-03-21 09:52:02.117 [Quartz Scheduler [xlcxxScheduler]] INFO  org.quartz.core.QuartzScheduler.start(QuartzScheduler.java:547) - Scheduler xlcxxScheduler_$_DESKTOP-9B1Q9MI1584755517850 started.
2020-03-21 09:52:02.380 [xlcxxScheduler_Worker-1] INFO  com.xlcxx.config.quartz.utils.ScheduleJob.executeInternal(ScheduleJob.java:41) - 任务准备执行，任务ID：null
2020-03-21 09:52:02.381 [xlcxxScheduler_Worker-1] ERROR com.xlcxx.config.quartz.utils.ScheduleJob.executeInternal(ScheduleJob.java:52) - 任务执行失败，任务ID：null 总共耗时：1 毫秒
2020-03-21 09:52:02.385 [xlcxxScheduler_Worker-1] ERROR com.xlcxx.config.quartz.utils.ScheduleJob.executeInternal(ScheduleJob.java:54) - 任务执行失败，异常原因：No bean named 'testTask' available
2020-03-21 09:52:10.086 [xlcxxScheduler_Worker-2] INFO  com.xlcxx.config.quartz.utils.ScheduleJob.executeInternal(ScheduleJob.java:41) - 任务准备执行，任务ID：null
2020-03-21 09:52:10.087 [xlcxxScheduler_Worker-2] ERROR com.xlcxx.config.quartz.utils.ScheduleJob.executeInternal(ScheduleJob.java:52) - 任务执行失败，任务ID：null 总共耗时：0 毫秒
2020-03-21 09:52:10.087 [xlcxxScheduler_Worker-2] ERROR com.xlcxx.config.quartz.utils.ScheduleJob.executeInternal(ScheduleJob.java:54) - 任务执行失败，异常原因：No bean named 'testTask' available
2020-03-21 09:52:44.472 [main] INFO  org.springframework.boot.StartupInfoLogger.logStarting(StartupInfoLogger.java:55) - Starting PlodesApplication on DESKTOP-9B1Q9MI with PID 10216 (E:\plodes\target\classes started by wx18 in E:\plodes)
2020-03-21 09:52:44.477 [main] INFO  org.springframework.boot.SpringApplication.logStartupProfileInfo(SpringApplication.java:651) - No active profile set, falling back to default profiles: default
2020-03-21 09:52:45.437 [main] INFO  org.springframework.data.repository.config.RepositoryConfigurationDelegate.multipleStoresDetected(RepositoryConfigurationDelegate.java:249) - Multiple Spring Data modules found, entering strict repository configuration mode!
2020-03-21 09:52:45.439 [main] INFO  org.springframework.data.repository.config.RepositoryConfigurationDelegate.registerRepositoriesIn(RepositoryConfigurationDelegate.java:127) - Bootstrapping Spring Data Redis repositories in DEFAULT mode.
2020-03-21 09:52:45.470 [main] INFO  org.springframework.data.repository.config.RepositoryConfigurationDelegate.registerRepositoriesIn(RepositoryConfigurationDelegate.java:187) - Finished Spring Data repository scanning in 18ms. Found 0 Redis repository interfaces.
2020-03-21 09:52:45.594 [main] WARN  org.mybatis.logging.Logger.warn(Logger.java:44) - No MyBatis mapper was found in '[com.xlcxx]' package. Please check your configuration.
2020-03-21 09:52:45.850 [main] INFO  org.springframework.context.support.PostProcessorRegistrationDelegate$BeanPostProcessorChecker.postProcessAfterInitialization(PostProcessorRegistrationDelegate.java:330) - Bean 'org.springframework.security.config.annotation.configuration.ObjectPostProcessorConfiguration' of type [org.springframework.security.config.annotation.configuration.ObjectPostProcessorConfiguration] is not eligible for getting processed by all BeanPostProcessors (for example: not eligible for auto-proxying)
2020-03-21 09:52:45.859 [main] INFO  org.springframework.context.support.PostProcessorRegistrationDelegate$BeanPostProcessorChecker.postProcessAfterInitialization(PostProcessorRegistrationDelegate.java:330) - Bean 'redisConfig' of type [com.xlcxx.config.redis.RedisConfig$$EnhancerBySpringCGLIB$$a2f9409f] is not eligible for getting processed by all BeanPostProcessors (for example: not eligible for auto-proxying)
2020-03-21 09:52:45.901 [main] INFO  org.springframework.context.support.PostProcessorRegistrationDelegate$BeanPostProcessorChecker.postProcessAfterInitialization(PostProcessorRegistrationDelegate.java:330) - Bean 'objectPostProcessor' of type [org.springframework.security.config.annotation.configuration.AutowireBeanFactoryObjectPostProcessor] is not eligible for getting processed by all BeanPostProcessors (for example: not eligible for auto-proxying)
2020-03-21 09:52:45.903 [main] INFO  org.springframework.context.support.PostProcessorRegistrationDelegate$BeanPostProcessorChecker.postProcessAfterInitialization(PostProcessorRegistrationDelegate.java:330) - Bean 'org.springframework.security.access.expression.method.DefaultMethodSecurityExpressionHandler@131ff6fa' of type [org.springframework.security.access.expression.method.DefaultMethodSecurityExpressionHandler] is not eligible for getting processed by all BeanPostProcessors (for example: not eligible for auto-proxying)
2020-03-21 09:52:45.904 [main] INFO  org.springframework.context.support.PostProcessorRegistrationDelegate$BeanPostProcessorChecker.postProcessAfterInitialization(PostProcessorRegistrationDelegate.java:330) - Bean 'org.springframework.security.config.annotation.method.configuration.GlobalMethodSecurityConfiguration' of type [org.springframework.security.config.annotation.method.configuration.GlobalMethodSecurityConfiguration] is not eligible for getting processed by all BeanPostProcessors (for example: not eligible for auto-proxying)
2020-03-21 09:52:45.907 [main] INFO  org.springframework.context.support.PostProcessorRegistrationDelegate$BeanPostProcessorChecker.postProcessAfterInitialization(PostProcessorRegistrationDelegate.java:330) - Bean 'methodSecurityMetadataSource' of type [org.springframework.security.access.method.DelegatingMethodSecurityMetadataSource] is not eligible for getting processed by all BeanPostProcessors (for example: not eligible for auto-proxying)
2020-03-21 09:52:46.101 [main] INFO  org.springframework.boot.web.embedded.tomcat.TomcatWebServer.initialize(TomcatWebServer.java:92) - Tomcat initialized with port(s): 8088 (http)
2020-03-21 09:52:46.112 [main] INFO  org.apache.juli.logging.DirectJDKLog.log(DirectJDKLog.java:173) - Initializing ProtocolHandler ["http-nio-8088"]
2020-03-21 09:52:46.112 [main] INFO  org.apache.juli.logging.DirectJDKLog.log(DirectJDKLog.java:173) - Starting service [Tomcat]
2020-03-21 09:52:46.113 [main] INFO  org.apache.juli.logging.DirectJDKLog.log(DirectJDKLog.java:173) - Starting Servlet engine: [Apache Tomcat/9.0.31]
2020-03-21 09:52:46.543 [main] INFO  org.apache.juli.logging.DirectJDKLog.log(DirectJDKLog.java:173) - Initializing Spring embedded WebApplicationContext
2020-03-21 09:52:46.543 [main] INFO  org.springframework.boot.web.servlet.context.ServletWebServerApplicationContext.prepareWebApplicationContext(ServletWebServerApplicationContext.java:284) - Root WebApplicationContext: initialization completed in 1967 ms
2020-03-21 09:52:47.003 [main] INFO  org.quartz.impl.StdSchedulerFactory.instantiate(StdSchedulerFactory.java:1220) - Using default implementation for ThreadExecutor
2020-03-21 09:52:47.014 [main] INFO  org.quartz.core.SchedulerSignalerImpl.<init>(SchedulerSignalerImpl.java:61) - Initialized Scheduler Signaller of type: class org.quartz.core.SchedulerSignalerImpl
2020-03-21 09:52:47.014 [main] INFO  org.quartz.core.QuartzScheduler.<init>(QuartzScheduler.java:229) - Quartz Scheduler v.2.3.2 created.
2020-03-21 09:52:47.311 [main] INFO  com.alibaba.druid.pool.DruidDataSource.init(DruidDataSource.java:1003) - {dataSource-1} inited
2020-03-21 09:52:47.314 [main] INFO  org.quartz.impl.jdbcjobstore.JobStoreSupport.initialize(JobStoreSupport.java:672) - Using db table-based data access locking (synchronization).
2020-03-21 09:52:47.317 [main] INFO  org.quartz.impl.jdbcjobstore.JobStoreCMT.initialize(JobStoreCMT.java:145) - JobStoreCMT initialized.
2020-03-21 09:52:47.318 [main] INFO  org.quartz.core.QuartzScheduler.initialize(QuartzScheduler.java:294) - Scheduler meta-data: Quartz Scheduler (v2.3.2) 'xlcxxScheduler' with instanceId 'DESKTOP-9B1Q9MI1584755567003'
  Scheduler class: 'org.quartz.core.QuartzScheduler' - running locally.
  NOT STARTED.
  Currently in standby mode.
  Number of jobs executed: 0
  Using thread pool 'org.quartz.simpl.SimpleThreadPool' - with 20 threads.
  Using job-store 'org.springframework.scheduling.quartz.LocalDataSourceJobStore' - which supports persistence. and is clustered.

2020-03-21 09:52:47.318 [main] INFO  org.quartz.impl.StdSchedulerFactory.instantiate(StdSchedulerFactory.java:1374) - Quartz scheduler 'xlcxxScheduler' initialized from an externally provided properties instance.
2020-03-21 09:52:47.319 [main] INFO  org.quartz.impl.StdSchedulerFactory.instantiate(StdSchedulerFactory.java:1378) - Quartz scheduler version: 2.3.2
2020-03-21 09:52:47.320 [main] INFO  org.quartz.core.QuartzScheduler.setJobFactory(QuartzScheduler.java:2293) - JobFactory set to: org.springframework.scheduling.quartz.AdaptableJobFactory@640cc04b
2020-03-21 09:52:48.209 [main] INFO  org.springframework.scheduling.concurrent.ExecutorConfigurationSupport.initialize(ExecutorConfigurationSupport.java:181) - Initializing ExecutorService 'applicationTaskExecutor'
2020-03-21 09:52:48.407 [main] INFO  tk.mybatis.mapper.autoconfigure.MapperCacheDisabler.removeStaticCache(MapperCacheDisabler.java:60) - Clear tk.mybatis.mapper.util.MsUtil CLASS_CACHE cache.
2020-03-21 09:52:48.408 [main] INFO  tk.mybatis.mapper.autoconfigure.MapperCacheDisabler.removeStaticCache(MapperCacheDisabler.java:60) - Clear tk.mybatis.mapper.genid.GenIdUtil CACHE cache.
2020-03-21 09:52:48.408 [main] INFO  tk.mybatis.mapper.autoconfigure.MapperCacheDisabler.removeStaticCache(MapperCacheDisabler.java:60) - Clear tk.mybatis.mapper.version.VersionUtil CACHE cache.
2020-03-21 09:52:48.409 [main] INFO  tk.mybatis.mapper.autoconfigure.MapperCacheDisabler.removeEntityHelperCache(MapperCacheDisabler.java:83) - Clear EntityHelper entityTableMap cache.
2020-03-21 09:52:48.809 [main] INFO  org.springframework.security.web.DefaultSecurityFilterChain.<init>(DefaultSecurityFilterChain.java:43) - Creating filter chain: any request, [org.springframework.security.web.context.request.async.WebAsyncManagerIntegrationFilter@718989fa, org.springframework.security.web.context.SecurityContextPersistenceFilter@684ce74c, org.springframework.security.web.header.HeaderWriterFilter@5ba1b62e, org.springframework.security.web.authentication.logout.LogoutFilter@73e4bb60, com.xlcxx.config.auth.imageCode.img.ImageCodeFilter@69f080ad, org.springframework.security.web.authentication.UsernamePasswordAuthenticationFilter@1537e43, org.springframework.security.web.session.ConcurrentSessionFilter@19526f1d, org.springframework.security.web.savedrequest.RequestCacheAwareFilter@68e5c7ae, org.springframework.security.web.servletapi.SecurityContextHolderAwareRequestFilter@4d69d288, org.springframework.security.web.authentication.rememberme.RememberMeAuthenticationFilter@7708b66a, org.springframework.security.web.authentication.AnonymousAuthenticationFilter@6568f998, org.springframework.security.web.session.SessionManagementFilter@74697863, org.springframework.security.web.access.ExceptionTranslationFilter@2c47a053, org.springframework.security.web.access.intercept.FilterSecurityInterceptor@3e03046d]
2020-03-21 09:52:48.867 [main] INFO  org.springframework.scheduling.quartz.SchedulerFactoryBean.startScheduler(SchedulerFactoryBean.java:732) - Will start Quartz Scheduler [xlcxxScheduler] in 1 seconds
2020-03-21 09:52:48.875 [main] INFO  org.apache.juli.logging.DirectJDKLog.log(DirectJDKLog.java:173) - Starting ProtocolHandler ["http-nio-8088"]
2020-03-21 09:52:48.916 [main] INFO  org.springframework.boot.web.embedded.tomcat.TomcatWebServer.start(TomcatWebServer.java:204) - Tomcat started on port(s): 8088 (http) with context path '/plodes'
2020-03-21 09:52:48.918 [main] INFO  org.springframework.boot.StartupInfoLogger.logStarted(StartupInfoLogger.java:61) - Started PlodesApplication in 5.358 seconds (JVM running for 7.224)
2020-03-21 09:52:49.867 [Quartz Scheduler [xlcxxScheduler]] INFO  org.springframework.scheduling.quartz.SchedulerFactoryBean$1.run(SchedulerFactoryBean.java:748) - Starting Quartz Scheduler now, after delay of 1 seconds
2020-03-21 09:52:49.922 [Quartz Scheduler [xlcxxScheduler]] INFO  org.quartz.impl.jdbcjobstore.JobStoreSupport.logWarnIfNonZero(JobStoreSupport.java:3644) - ClusterManager: detected 1 failed or restarted instances.
2020-03-21 09:52:49.922 [Quartz Scheduler [xlcxxScheduler]] INFO  org.quartz.impl.jdbcjobstore.JobStoreSupport.clusterRecover(JobStoreSupport.java:3503) - ClusterManager: Scanning for instance "DESKTOP-9B1Q9MI1584755517850"'s failed in-progress jobs.
2020-03-21 09:52:49.943 [Quartz Scheduler [xlcxxScheduler]] INFO  org.quartz.impl.jdbcjobstore.JobStoreSupport.logWarnIfNonZero(JobStoreSupport.java:3644) - ClusterManager: ......Freed 1 acquired trigger(s).
2020-03-21 09:52:49.989 [Quartz Scheduler [xlcxxScheduler]] INFO  org.quartz.core.QuartzScheduler.start(QuartzScheduler.java:547) - Scheduler xlcxxScheduler_$_DESKTOP-9B1Q9MI1584755567003 started.
2020-03-21 09:52:50.012 [QuartzScheduler_xlcxxScheduler-DESKTOP-9B1Q9MI1584755567003_MisfireHandler] INFO  org.quartz.impl.jdbcjobstore.JobStoreSupport.recoverMisfiredJobs(JobStoreSupport.java:973) - Handling 1 trigger(s) that missed their scheduled fire-time.
2020-03-21 09:53:00.085 [xlcxxScheduler_Worker-1] INFO  com.xlcxx.config.quartz.utils.ScheduleJob.executeInternal(ScheduleJob.java:41) - 任务准备执行，任务ID：null
2020-03-21 09:53:00.090 [pool-2-thread-1] INFO  com.xlcxx.plodes.task.QuartzTest.test(QuartzTest.java:19) - 我是带参数的test方法，正在被执行，参数为：1111
2020-03-21 09:53:00.091 [xlcxxScheduler_Worker-1] INFO  com.xlcxx.config.quartz.utils.ScheduleJob.executeInternal(ScheduleJob.java:48) - 任务执行完毕，任务ID：null 总共耗时：6 毫秒
2020-03-21 09:53:10.078 [xlcxxScheduler_Worker-2] INFO  com.xlcxx.config.quartz.utils.ScheduleJob.executeInternal(ScheduleJob.java:41) - 任务准备执行，任务ID：null
2020-03-21 09:53:10.078 [pool-3-thread-1] INFO  com.xlcxx.plodes.task.QuartzTest.test(QuartzTest.java:19) - 我是带参数的test方法，正在被执行，参数为：1111
2020-03-21 09:53:10.079 [xlcxxScheduler_Worker-2] INFO  com.xlcxx.config.quartz.utils.ScheduleJob.executeInternal(ScheduleJob.java:48) - 任务执行完毕，任务ID：null 总共耗时：0 毫秒
2020-03-21 09:53:20.088 [xlcxxScheduler_Worker-3] INFO  com.xlcxx.config.quartz.utils.ScheduleJob.executeInternal(ScheduleJob.java:41) - 任务准备执行，任务ID：null
2020-03-21 09:53:20.089 [pool-4-thread-1] INFO  com.xlcxx.plodes.task.QuartzTest.test(QuartzTest.java:19) - 我是带参数的test方法，正在被执行，参数为：1111
2020-03-21 09:53:20.089 [xlcxxScheduler_Worker-3] INFO  com.xlcxx.config.quartz.utils.ScheduleJob.executeInternal(ScheduleJob.java:48) - 任务执行完毕，任务ID：null 总共耗时：1 毫秒
2020-03-21 09:53:30.092 [xlcxxScheduler_Worker-4] INFO  com.xlcxx.config.quartz.utils.ScheduleJob.executeInternal(ScheduleJob.java:41) - 任务准备执行，任务ID：null
2020-03-21 09:53:30.096 [pool-5-thread-1] INFO  com.xlcxx.plodes.task.QuartzTest.test(QuartzTest.java:19) - 我是带参数的test方法，正在被执行，参数为：1111
2020-03-21 09:53:30.097 [xlcxxScheduler_Worker-4] INFO  com.xlcxx.config.quartz.utils.ScheduleJob.executeInternal(ScheduleJob.java:48) - 任务执行完毕，任务ID：null 总共耗时：4 毫秒
